Analysis & Synthesis report for PID
Sat Jun 06 20:47:30 2026
Quartus II 64-Bit Version 13.1.0 Build 162 10/23/2013 SJ Web Edition


---------------------
; Table of Contents ;
---------------------
  1. Legal Notice
  2. Analysis & Synthesis Summary
  3. Analysis & Synthesis Settings
  4. Parallel Compilation
  5. Analysis & Synthesis Source Files Read
  6. Analysis & Synthesis Resource Usage Summary
  7. Analysis & Synthesis Resource Utilization by Entity
  8. State Machine - |PID|UCC:UCCi|estado_actual
  9. Registers Removed During Synthesis
 10. Removed Registers Triggering Further Register Optimizations
 11. General Register Statistics
 12. Multiplexer Restructuring Statistics (Restructuring Performed)
 13. Parameter Settings for User Entity Instance: Top-level Entity: |PID
 14. Parameter Settings for User Entity Instance: UCC:UCCi
 15. Parameter Settings for User Entity Instance: Sensor_receiver:Recepcion_feedback
 16. Parameter Settings for User Entity Instance: PISO:PISO_Uc
 17. Parameter Settings for User Entity Instance: PISO:PISO_Y
 18. Parameter Settings for User Entity Instance: Delay:Delay_Uc
 19. Parameter Settings for User Entity Instance: PISO:PISO_Delay_Uc
 20. Parameter Settings for User Entity Instance: Delay:Delay_Y
 21. Parameter Settings for User Entity Instance: PISO:PISO_Delay_Y
 22. Parameter Settings for User Entity Instance: LUTP:P_value
 23. Parameter Settings for User Entity Instance: ACC:ACC_P
 24. Parameter Settings for User Entity Instance: LUTI:I_value
 25. Parameter Settings for User Entity Instance: ACC:ACC_I
 26. Parameter Settings for User Entity Instance: Delay:Delay_I
 27. Parameter Settings for User Entity Instance: LUTD2:D2_value
 28. Parameter Settings for User Entity Instance: ACC:ACC_D2
 29. Parameter Settings for User Entity Instance: PISO:PISO_D1
 30. Parameter Settings for User Entity Instance: LUTD1:D1_value
 31. Parameter Settings for User Entity Instance: ACC:ACC_D1
 32. Parameter Settings for User Entity Instance: ACC_adder:ACC_adder
 33. Parameter Settings for User Entity Instance: PWM_gen:PWM_gen
 34. Port Connectivity Checks: "PWM_gen:PWM_gen"
 35. Port Connectivity Checks: "PISO:PISO_D1"
 36. Port Connectivity Checks: "UCC:UCCi"
 37. Elapsed Time Per Partition
 38. Analysis & Synthesis Messages



----------------
; Legal Notice ;
----------------
Copyright (C) 1991-2013 Altera Corporation
Your use of Altera Corporation's design tools, logic functions 
and other software and tools, and its AMPP partner logic 
functions, and any output files from any of the foregoing 
(including device programming or simulation files), and any 
associated documentation or information are expressly subject 
to the terms and conditions of the Altera Program License 
Subscription Agreement, Altera MegaCore Function License 
Agreement, or other applicable license agreement, including, 
without limitation, that your use is for the sole purpose of 
programming logic devices manufactured by Altera and sold by 
Altera or its authorized distributors.  Please refer to the 
applicable agreement for further details.



+---------------------------------------------------------------------------------+
; Analysis & Synthesis Summary                                                    ;
+------------------------------------+--------------------------------------------+
; Analysis & Synthesis Status        ; Successful - Sat Jun 06 20:47:30 2026      ;
; Quartus II 64-Bit Version          ; 13.1.0 Build 162 10/23/2013 SJ Web Edition ;
; Revision Name                      ; PID                                        ;
; Top-level Entity Name              ; PID                                        ;
; Family                             ; Cyclone III                                ;
; Total logic elements               ; 448                                        ;
;     Total combinational functions  ; 435                                        ;
;     Dedicated logic registers      ; 293                                        ;
; Total registers                    ; 293                                        ;
; Total pins                         ; 22                                         ;
; Total virtual pins                 ; 0                                          ;
; Total memory bits                  ; 0                                          ;
; Embedded Multiplier 9-bit elements ; 0                                          ;
; Total PLLs                         ; 0                                          ;
+------------------------------------+--------------------------------------------+


+----------------------------------------------------------------------------------------------------------------------+
; Analysis & Synthesis Settings                                                                                        ;
+----------------------------------------------------------------------------+--------------------+--------------------+
; Option                                                                     ; Setting            ; Default Value      ;
+----------------------------------------------------------------------------+--------------------+--------------------+
; Device                                                                     ; EP3C25F324I7       ;                    ;
; Top-level entity name                                                      ; PID                ; PID                ;
; Family name                                                                ; Cyclone III        ; Cyclone IV GX      ;
; Use smart compilation                                                      ; Off                ; Off                ;
; Enable parallel Assembler and TimeQuest Timing Analyzer during compilation ; On                 ; On                 ;
; Enable compact report table                                                ; Off                ; Off                ;
; Restructure Multiplexers                                                   ; Auto               ; Auto               ;
; Create Debugging Nodes for IP Cores                                        ; Off                ; Off                ;
; Preserve fewer node names                                                  ; On                 ; On                 ;
; Disable OpenCore Plus hardware evaluation                                  ; Off                ; Off                ;
; Verilog Version                                                            ; Verilog_2001       ; Verilog_2001       ;
; VHDL Version                                                               ; VHDL_1993          ; VHDL_1993          ;
; State Machine Processing                                                   ; Auto               ; Auto               ;
; Safe State Machine                                                         ; Off                ; Off                ;
; Extract Verilog State Machines                                             ; On                 ; On                 ;
; Extract VHDL State Machines                                                ; On                 ; On                 ;
; Ignore Verilog initial constructs                                          ; Off                ; Off                ;
; Iteration limit for constant Verilog loops                                 ; 5000               ; 5000               ;
; Iteration limit for non-constant Verilog loops                             ; 250                ; 250                ;
; Add Pass-Through Logic to Inferred RAMs                                    ; On                 ; On                 ;
; Infer RAMs from Raw Logic                                                  ; On                 ; On                 ;
; Parallel Synthesis                                                         ; On                 ; On                 ;
; DSP Block Balancing                                                        ; Auto               ; Auto               ;
; NOT Gate Push-Back                                                         ; On                 ; On                 ;
; Power-Up Don't Care                                                        ; On                 ; On                 ;
; Remove Redundant Logic Cells                                               ; Off                ; Off                ;
; Remove Duplicate Registers                                                 ; On                 ; On                 ;
; Ignore CARRY Buffers                                                       ; Off                ; Off                ;
; Ignore CASCADE Buffers                                                     ; Off                ; Off                ;
; Ignore GLOBAL Buffers                                                      ; Off                ; Off                ;
; Ignore ROW GLOBAL Buffers                                                  ; Off                ; Off                ;
; Ignore LCELL Buffers                                                       ; Off                ; Off                ;
; Ignore SOFT Buffers                                                        ; On                 ; On                 ;
; Limit AHDL Integers to 32 Bits                                             ; Off                ; Off                ;
; Optimization Technique                                                     ; Balanced           ; Balanced           ;
; Carry Chain Length                                                         ; 70                 ; 70                 ;
; Auto Carry Chains                                                          ; On                 ; On                 ;
; Auto Open-Drain Pins                                                       ; On                 ; On                 ;
; Perform WYSIWYG Primitive Resynthesis                                      ; Off                ; Off                ;
; Auto ROM Replacement                                                       ; On                 ; On                 ;
; Auto RAM Replacement                                                       ; On                 ; On                 ;
; Auto DSP Block Replacement                                                 ; On                 ; On                 ;
; Auto Shift Register Replacement                                            ; Auto               ; Auto               ;
; Allow Shift Register Merging across Hierarchies                            ; Auto               ; Auto               ;
; Auto Clock Enable Replacement                                              ; On                 ; On                 ;
; Strict RAM Replacement                                                     ; Off                ; Off                ;
; Allow Synchronous Control Signals                                          ; On                 ; On                 ;
; Force Use of Synchronous Clear Signals                                     ; Off                ; Off                ;
; Auto RAM Block Balancing                                                   ; On                 ; On                 ;
; Auto RAM to Logic Cell Conversion                                          ; Off                ; Off                ;
; Auto Resource Sharing                                                      ; Off                ; Off                ;
; Allow Any RAM Size For Recognition                                         ; Off                ; Off                ;
; Allow Any ROM Size For Recognition                                         ; Off                ; Off                ;
; Allow Any Shift Register Size For Recognition                              ; Off                ; Off                ;
; Use LogicLock Constraints during Resource Balancing                        ; On                 ; On                 ;
; Ignore translate_off and synthesis_off directives                          ; Off                ; Off                ;
; Timing-Driven Synthesis                                                    ; On                 ; On                 ;
; Report Parameter Settings                                                  ; On                 ; On                 ;
; Report Source Assignments                                                  ; On                 ; On                 ;
; Report Connectivity Checks                                                 ; On                 ; On                 ;
; Ignore Maximum Fan-Out Assignments                                         ; Off                ; Off                ;
; Synchronization Register Chain Length                                      ; 2                  ; 2                  ;
; PowerPlay Power Optimization                                               ; Normal compilation ; Normal compilation ;
; HDL message level                                                          ; Level2             ; Level2             ;
; Suppress Register Optimization Related Messages                            ; Off                ; Off                ;
; Number of Removed Registers Reported in Synthesis Report                   ; 5000               ; 5000               ;
; Number of Swept Nodes Reported in Synthesis Report                         ; 5000               ; 5000               ;
; Number of Inverted Registers Reported in Synthesis Report                  ; 100                ; 100                ;
; Clock MUX Protection                                                       ; On                 ; On                 ;
; Auto Gated Clock Conversion                                                ; Off                ; Off                ;
; Block Design Naming                                                        ; Auto               ; Auto               ;
; SDC constraint protection                                                  ; Off                ; Off                ;
; Synthesis Effort                                                           ; Auto               ; Auto               ;
; Shift Register Replacement - Allow Asynchronous Clear Signal               ; On                 ; On                 ;
; Pre-Mapping Resynthesis Optimization                                       ; Off                ; Off                ;
; Analysis & Synthesis Message Level                                         ; Medium             ; Medium             ;
; Disable Register Merging Across Hierarchies                                ; Auto               ; Auto               ;
; Resource Aware Inference For Block RAM                                     ; On                 ; On                 ;
; Synthesis Seed                                                             ; 1                  ; 1                  ;
+----------------------------------------------------------------------------+--------------------+--------------------+


+------------------------------------------+
; Parallel Compilation                     ;
+----------------------------+-------------+
; Processors                 ; Number      ;
+----------------------------+-------------+
; Number detected on machine ; 12          ;
; Maximum allowed            ; 12          ;
;                            ;             ;
; Average used               ; 1.00        ;
; Maximum used               ; 1           ;
;                            ;             ;
; Usage by Processor         ; % Time Used ;
;     Processor 1            ; 100.0%      ;
;     Processors 2-12        ;   0.0%      ;
+----------------------------+-------------+


+------------------------------------------------------------------------------------------------------------------------------------------------+
; Analysis & Synthesis Source Files Read                                                                                                         ;
+----------------------------------+-----------------+------------------------+--------------------------------------------------------+---------+
; File Name with User-Entered Path ; Used in Netlist ; File Type              ; File Name with Absolute Path                           ; Library ;
+----------------------------------+-----------------+------------------------+--------------------------------------------------------+---------+
; Scripts/UCC.v                    ; yes             ; User Verilog HDL File  ; D:/TFM/Proyectos_Quartus/PID/Scripts/UCC.v             ;         ;
; Scripts/Sensor_receiver.v        ; yes             ; User Verilog HDL File  ; D:/TFM/Proyectos_Quartus/PID/Scripts/Sensor_receiver.v ;         ;
; Scripts/PWM_gen.v                ; yes             ; User Verilog HDL File  ; D:/TFM/Proyectos_Quartus/PID/Scripts/PWM_gen.v         ;         ;
; Scripts/PISO.v                   ; yes             ; User Verilog HDL File  ; D:/TFM/Proyectos_Quartus/PID/Scripts/PISO.v            ;         ;
; Scripts/PID.v                    ; yes             ; User Verilog HDL File  ; D:/TFM/Proyectos_Quartus/PID/Scripts/PID.v             ;         ;
; Scripts/LUTP.v                   ; yes             ; User Verilog HDL File  ; D:/TFM/Proyectos_Quartus/PID/Scripts/LUTP.v            ;         ;
; Scripts/LUTI.v                   ; yes             ; User Verilog HDL File  ; D:/TFM/Proyectos_Quartus/PID/Scripts/LUTI.v            ;         ;
; Scripts/LUTD2.v                  ; yes             ; User Verilog HDL File  ; D:/TFM/Proyectos_Quartus/PID/Scripts/LUTD2.v           ;         ;
; Scripts/LUTD1.v                  ; yes             ; User Verilog HDL File  ; D:/TFM/Proyectos_Quartus/PID/Scripts/LUTD1.v           ;         ;
; Scripts/Delay.v                  ; yes             ; User Verilog HDL File  ; D:/TFM/Proyectos_Quartus/PID/Scripts/Delay.v           ;         ;
; Scripts/ACC_adder.v              ; yes             ; User Verilog HDL File  ; D:/TFM/Proyectos_Quartus/PID/Scripts/ACC_adder.v       ;         ;
; Scripts/ACC.v                    ; yes             ; User Verilog HDL File  ; D:/TFM/Proyectos_Quartus/PID/Scripts/ACC.v             ;         ;
+----------------------------------+-----------------+------------------------+--------------------------------------------------------+---------+


+---------------------------------------------------------+
; Analysis & Synthesis Resource Usage Summary             ;
+---------------------------------------------+-----------+
; Resource                                    ; Usage     ;
+---------------------------------------------+-----------+
; Estimated Total logic elements              ; 448       ;
;                                             ;           ;
; Total combinational functions               ; 435       ;
; Logic element usage by number of LUT inputs ;           ;
;     -- 4 input functions                    ; 61        ;
;     -- 3 input functions                    ; 166       ;
;     -- <=2 input functions                  ; 208       ;
;                                             ;           ;
; Logic elements by mode                      ;           ;
;     -- normal mode                          ; 301       ;
;     -- arithmetic mode                      ; 134       ;
;                                             ;           ;
; Total registers                             ; 293       ;
;     -- Dedicated logic registers            ; 293       ;
;     -- I/O registers                        ; 0         ;
;                                             ;           ;
; I/O pins                                    ; 22        ;
; Embedded Multiplier 9-bit elements          ; 0         ;
; Maximum fan-out node                        ; clk~input ;
; Maximum fan-out                             ; 293       ;
; Total fan-out                               ; 2154      ;
; Average fan-out                             ; 2.79      ;
+---------------------------------------------+-----------+


+--------------------------------------------------------------------------------------------------------------------------------------------------------------------------------------------------------------+
; Analysis & Synthesis Resource Utilization by Entity                                                                                                                                                          ;
+-----------------------------------------+-------------------+--------------+-------------+--------------+---------+-----------+------+--------------+-----------------------------------------+--------------+
; Compilation Hierarchy Node              ; LC Combinationals ; LC Registers ; Memory Bits ; DSP Elements ; DSP 9x9 ; DSP 18x18 ; Pins ; Virtual Pins ; Full Hierarchy Name                     ; Library Name ;
+-----------------------------------------+-------------------+--------------+-------------+--------------+---------+-----------+------+--------------+-----------------------------------------+--------------+
; |PID                                    ; 435 (16)          ; 293 (0)      ; 0           ; 0            ; 0       ; 0         ; 22   ; 0            ; |PID                                    ; work         ;
;    |ACC:ACC_D2|                         ; 36 (36)           ; 32 (32)      ; 0           ; 0            ; 0       ; 0         ; 0    ; 0            ; |PID|ACC:ACC_D2                         ; work         ;
;    |ACC:ACC_I|                          ; 61 (61)           ; 32 (32)      ; 0           ; 0            ; 0       ; 0         ; 0    ; 0            ; |PID|ACC:ACC_I                          ; work         ;
;    |ACC:ACC_P|                          ; 35 (35)           ; 32 (32)      ; 0           ; 0            ; 0       ; 0         ; 0    ; 0            ; |PID|ACC:ACC_P                          ; work         ;
;    |ACC_adder:ACC_adder|                ; 35 (35)           ; 18 (18)      ; 0           ; 0            ; 0       ; 0         ; 0    ; 0            ; |PID|ACC_adder:ACC_adder                ; work         ;
;    |Delay:Delay_I|                      ; 16 (16)           ; 16 (16)      ; 0           ; 0            ; 0       ; 0         ; 0    ; 0            ; |PID|Delay:Delay_I                      ; work         ;
;    |Delay:Delay_Uc|                     ; 16 (16)           ; 16 (16)      ; 0           ; 0            ; 0       ; 0         ; 0    ; 0            ; |PID|Delay:Delay_Uc                     ; work         ;
;    |Delay:Delay_Y|                      ; 17 (17)           ; 16 (16)      ; 0           ; 0            ; 0       ; 0         ; 0    ; 0            ; |PID|Delay:Delay_Y                      ; work         ;
;    |LUTI:I_value|                       ; 2 (2)             ; 0 (0)        ; 0           ; 0            ; 0       ; 0         ; 0    ; 0            ; |PID|LUTI:I_value                       ; work         ;
;    |PISO:PISO_Delay_Uc|                 ; 16 (16)           ; 16 (16)      ; 0           ; 0            ; 0       ; 0         ; 0    ; 0            ; |PID|PISO:PISO_Delay_Uc                 ; work         ;
;    |PISO:PISO_Delay_Y|                  ; 17 (17)           ; 16 (16)      ; 0           ; 0            ; 0       ; 0         ; 0    ; 0            ; |PID|PISO:PISO_Delay_Y                  ; work         ;
;    |PISO:PISO_Uc|                       ; 17 (17)           ; 16 (16)      ; 0           ; 0            ; 0       ; 0         ; 0    ; 0            ; |PID|PISO:PISO_Uc                       ; work         ;
;    |PISO:PISO_Y|                        ; 16 (16)           ; 16 (16)      ; 0           ; 0            ; 0       ; 0         ; 0    ; 0            ; |PID|PISO:PISO_Y                        ; work         ;
;    |PWM_gen:PWM_gen|                    ; 77 (77)           ; 18 (18)      ; 0           ; 0            ; 0       ; 0         ; 0    ; 0            ; |PID|PWM_gen:PWM_gen                    ; work         ;
;    |Sensor_receiver:Recepcion_feedback| ; 43 (43)           ; 41 (41)      ; 0           ; 0            ; 0       ; 0         ; 0    ; 0            ; |PID|Sensor_receiver:Recepcion_feedback ; work         ;
;    |UCC:UCCi|                           ; 15 (15)           ; 8 (8)        ; 0           ; 0            ; 0       ; 0         ; 0    ; 0            ; |PID|UCC:UCCi                           ; work         ;
+-----------------------------------------+-------------------+--------------+-------------+--------------+---------+-----------+------+--------------+-----------------------------------------+--------------+
Note: For table entries with two numbers listed, the numbers in parentheses indicate the number of resources of the given type used by the specific entity alone. The numbers listed outside of parentheses indicate the total resources of the given type used by the specific entity and all of its sub-entities in the hierarchy.


Encoding Type:  One-Hot
+------------------------------------------------------------------------------------------------------------+
; State Machine - |PID|UCC:UCCi|estado_actual                                                                ;
+----------------------+----------------------+--------------------+--------------------+--------------------+
; Name                 ; estado_actual.UPDATE ; estado_actual.CALC ; estado_actual.LOAD ; estado_actual.IDLE ;
+----------------------+----------------------+--------------------+--------------------+--------------------+
; estado_actual.IDLE   ; 0                    ; 0                  ; 0                  ; 0                  ;
; estado_actual.LOAD   ; 0                    ; 0                  ; 1                  ; 1                  ;
; estado_actual.CALC   ; 0                    ; 1                  ; 0                  ; 1                  ;
; estado_actual.UPDATE ; 1                    ; 0                  ; 0                  ; 1                  ;
+----------------------+----------------------+--------------------+--------------------+--------------------+


+---------------------------------------------------------------------------------+
; Registers Removed During Synthesis                                              ;
+----------------------------------------+----------------------------------------+
; Register name                          ; Reason for Removal                     ;
+----------------------------------------+----------------------------------------+
; PWM_gen:PWM_gen|prescaler[0..6]        ; Lost fanout                            ;
; ACC:ACC_D1|val_interno[15]             ; Stuck at GND due to stuck port data_in ;
; ACC:ACC_D1|resultado[15]               ; Stuck at GND due to stuck port data_in ;
; ACC:ACC_D1|val_interno[14]             ; Stuck at GND due to stuck port data_in ;
; ACC:ACC_D1|resultado[14]               ; Stuck at GND due to stuck port data_in ;
; ACC:ACC_D1|val_interno[13]             ; Stuck at GND due to stuck port data_in ;
; ACC:ACC_D1|resultado[13]               ; Stuck at GND due to stuck port data_in ;
; ACC:ACC_D1|val_interno[12]             ; Stuck at GND due to stuck port data_in ;
; ACC:ACC_D1|resultado[12]               ; Stuck at GND due to stuck port data_in ;
; ACC:ACC_D1|val_interno[11]             ; Stuck at GND due to stuck port data_in ;
; ACC:ACC_D1|resultado[11]               ; Stuck at GND due to stuck port data_in ;
; ACC:ACC_D1|val_interno[10]             ; Stuck at GND due to stuck port data_in ;
; ACC:ACC_D1|resultado[10]               ; Stuck at GND due to stuck port data_in ;
; ACC:ACC_D1|val_interno[9]              ; Stuck at GND due to stuck port data_in ;
; ACC:ACC_D1|resultado[9]                ; Stuck at GND due to stuck port data_in ;
; ACC:ACC_D1|val_interno[8]              ; Stuck at GND due to stuck port data_in ;
; ACC:ACC_D1|resultado[8]                ; Stuck at GND due to stuck port data_in ;
; ACC:ACC_D1|val_interno[7]              ; Stuck at GND due to stuck port data_in ;
; ACC:ACC_D1|resultado[7]                ; Stuck at GND due to stuck port data_in ;
; ACC:ACC_D1|val_interno[6]              ; Stuck at GND due to stuck port data_in ;
; ACC:ACC_D1|resultado[6]                ; Stuck at GND due to stuck port data_in ;
; ACC:ACC_D1|val_interno[5]              ; Stuck at GND due to stuck port data_in ;
; ACC:ACC_D1|resultado[5]                ; Stuck at GND due to stuck port data_in ;
; ACC:ACC_D1|val_interno[4]              ; Stuck at GND due to stuck port data_in ;
; ACC:ACC_D1|resultado[4]                ; Stuck at GND due to stuck port data_in ;
; ACC:ACC_D1|val_interno[3]              ; Stuck at GND due to stuck port data_in ;
; ACC:ACC_D1|resultado[3]                ; Stuck at GND due to stuck port data_in ;
; ACC:ACC_D1|val_interno[2]              ; Stuck at GND due to stuck port data_in ;
; ACC:ACC_D1|resultado[2]                ; Stuck at GND due to stuck port data_in ;
; ACC:ACC_D1|val_interno[0,1]            ; Stuck at GND due to stuck port data_in ;
; ACC:ACC_D1|resultado[0,1]              ; Stuck at GND due to stuck port data_in ;
; UCC:UCCi|estado_actual~3               ; Lost fanout                            ;
; UCC:UCCi|estado_actual~4               ; Lost fanout                            ;
; Total Number of Removed Registers = 41 ;                                        ;
+----------------------------------------+----------------------------------------+


+--------------------------------------------------------------------------------------------------------------------------------------------+
; Removed Registers Triggering Further Register Optimizations                                                                                ;
+----------------------------+---------------------------+-----------------------------------------------------------------------------------+
; Register name              ; Reason for Removal        ; Registers Removed due to This Register                                            ;
+----------------------------+---------------------------+-----------------------------------------------------------------------------------+
; ACC:ACC_D1|val_interno[15] ; Stuck at GND              ; ACC:ACC_D1|resultado[15], ACC:ACC_D1|val_interno[14], ACC:ACC_D1|resultado[14],   ;
;                            ; due to stuck port data_in ; ACC:ACC_D1|val_interno[13], ACC:ACC_D1|resultado[13], ACC:ACC_D1|val_interno[12], ;
;                            ;                           ; ACC:ACC_D1|resultado[12], ACC:ACC_D1|val_interno[11], ACC:ACC_D1|resultado[11],   ;
;                            ;                           ; ACC:ACC_D1|val_interno[10], ACC:ACC_D1|resultado[10], ACC:ACC_D1|val_interno[9],  ;
;                            ;                           ; ACC:ACC_D1|resultado[9], ACC:ACC_D1|val_interno[8], ACC:ACC_D1|resultado[8],      ;
;                            ;                           ; ACC:ACC_D1|val_interno[7], ACC:ACC_D1|resultado[7], ACC:ACC_D1|val_interno[6],    ;
;                            ;                           ; ACC:ACC_D1|resultado[6], ACC:ACC_D1|val_interno[5], ACC:ACC_D1|resultado[5],      ;
;                            ;                           ; ACC:ACC_D1|val_interno[4], ACC:ACC_D1|resultado[4], ACC:ACC_D1|val_interno[3],    ;
;                            ;                           ; ACC:ACC_D1|resultado[3], ACC:ACC_D1|val_interno[2], ACC:ACC_D1|resultado[2],      ;
;                            ;                           ; ACC:ACC_D1|val_interno[1], ACC:ACC_D1|val_interno[0], ACC:ACC_D1|resultado[1],    ;
;                            ;                           ; ACC:ACC_D1|resultado[0]                                                           ;
+----------------------------+---------------------------+-----------------------------------------------------------------------------------+


+------------------------------------------------------+
; General Register Statistics                          ;
+----------------------------------------------+-------+
; Statistic                                    ; Value ;
+----------------------------------------------+-------+
; Total registers                              ; 293   ;
; Number of registers using Synchronous Clear  ; 117   ;
; Number of registers using Synchronous Load   ; 0     ;
; Number of registers using Asynchronous Clear ; 0     ;
; Number of registers using Asynchronous Load  ; 0     ;
; Number of registers using Clock Enable       ; 272   ;
; Number of registers using Preset             ; 0     ;
+----------------------------------------------+-------+


+------------------------------------------------------------------------------------------------------------------------------------------------------------------+
; Multiplexer Restructuring Statistics (Restructuring Performed)                                                                                                   ;
+--------------------+-----------+---------------+----------------------+------------------------+------------+----------------------------------------------------+
; Multiplexer Inputs ; Bus Width ; Baseline Area ; Area if Restructured ; Saving if Restructured ; Registered ; Example Multiplexer Output                         ;
+--------------------+-----------+---------------+----------------------+------------------------+------------+----------------------------------------------------+
; 3:1                ; 32 bits   ; 64 LEs        ; 32 LEs               ; 32 LEs                 ; Yes        ; |PID|ACC:ACC_D2|val_interno[13]                    ;
; 3:1                ; 96 bits   ; 192 LEs       ; 96 LEs               ; 96 LEs                 ; Yes        ; |PID|Delay:Delay_Y|out_val[10]                     ;
; 3:1                ; 16 bits   ; 32 LEs        ; 16 LEs               ; 16 LEs                 ; Yes        ; |PID|Sensor_receiver:Recepcion_feedback|Y[8]       ;
; 3:1                ; 16 bits   ; 32 LEs        ; 16 LEs               ; 16 LEs                 ; Yes        ; |PID|ACC_adder:ACC_adder|RESULTADO_PID[0]          ;
; 4:1                ; 4 bits    ; 8 LEs         ; 4 LEs                ; 4 LEs                  ; Yes        ; |PID|PISO:PISO_Delay_Y|shift_reg[15]               ;
; 4:1                ; 60 bits   ; 120 LEs       ; 120 LEs              ; 0 LEs                  ; Yes        ; |PID|PISO:PISO_Uc|shift_reg[4]                     ;
; 4:1                ; 16 bits   ; 32 LEs        ; 16 LEs               ; 16 LEs                 ; Yes        ; |PID|Sensor_receiver:Recepcion_feedback|Y_temp[12] ;
; 5:1                ; 15 bits   ; 45 LEs        ; 15 LEs               ; 30 LEs                 ; Yes        ; |PID|PWM_gen:PWM_gen|pwm_count[2]                  ;
; 4:1                ; 16 bits   ; 32 LEs        ; 32 LEs               ; 0 LEs                  ; Yes        ; |PID|ACC:ACC_I|val_interno[9]                      ;
; 7:1                ; 2 bits    ; 8 LEs         ; 6 LEs                ; 2 LEs                  ; No         ; |PID|UCC:UCCi|estado_actual                        ;
+--------------------+-----------+---------------+----------------------+------------------------+------------+----------------------------------------------------+


+---------------------------------------------------------------------+
; Parameter Settings for User Entity Instance: Top-level Entity: |PID ;
+----------------+------------------+---------------------------------+
; Parameter Name ; Value            ; Type                            ;
+----------------+------------------+---------------------------------+
; ANCHO          ; 16               ; Signed Integer                  ;
; PERIODO        ; 32768            ; Signed Integer                  ;
; mK             ; 1001000000000000 ; Signed Binary                   ;
; Kb             ; 0001000000000000 ; Signed Binary                   ;
; KbmK           ; 0000000000000000 ; Signed Binary                   ;
; mKT_Ti         ; 1000000001010010 ; Signed Binary                   ;
; KT_Ti          ; 0000000001010010 ; Signed Binary                   ;
; KTdN_TdmsNT    ; 0011010101010101 ; Signed Binary                   ;
; mKTdN_TdmsNT   ; 1011010101010101 ; Signed Binary                   ;
; Td_TdmsNT      ; 0000010101010101 ; Signed Binary                   ;
+----------------+------------------+---------------------------------+
Note: In order to hide this table in the UI and the text report file, please set the "Show Parameter Settings in Synthesis Report" option in "Analysis and Synthesis Settings -> More Settings" to "Off".


+-------------------------------------------------------+
; Parameter Settings for User Entity Instance: UCC:UCCi ;
+----------------+-------+------------------------------+
; Parameter Name ; Value ; Type                         ;
+----------------+-------+------------------------------+
; ANCHO          ; 16    ; Signed Integer               ;
+----------------+-------+------------------------------+
Note: In order to hide this table in the UI and the text report file, please set the "Show Parameter Settings in Synthesis Report" option in "Analysis and Synthesis Settings -> More Settings" to "Off".


+---------------------------------------------------------------------------------+
; Parameter Settings for User Entity Instance: Sensor_receiver:Recepcion_feedback ;
+----------------+-------+--------------------------------------------------------+
; Parameter Name ; Value ; Type                                                   ;
+----------------+-------+--------------------------------------------------------+
; ANCHO          ; 16    ; Signed Integer                                         ;
+----------------+-------+--------------------------------------------------------+
Note: In order to hide this table in the UI and the text report file, please set the "Show Parameter Settings in Synthesis Report" option in "Analysis and Synthesis Settings -> More Settings" to "Off".


+-----------------------------------------------------------+
; Parameter Settings for User Entity Instance: PISO:PISO_Uc ;
+----------------+-------+----------------------------------+
; Parameter Name ; Value ; Type                             ;
+----------------+-------+----------------------------------+
; ANCHO          ; 16    ; Signed Integer                   ;
+----------------+-------+----------------------------------+
Note: In order to hide this table in the UI and the text report file, please set the "Show Parameter Settings in Synthesis Report" option in "Analysis and Synthesis Settings -> More Settings" to "Off".


+----------------------------------------------------------+
; Parameter Settings for User Entity Instance: PISO:PISO_Y ;
+----------------+-------+---------------------------------+
; Parameter Name ; Value ; Type                            ;
+----------------+-------+---------------------------------+
; ANCHO          ; 16    ; Signed Integer                  ;
+----------------+-------+---------------------------------+
Note: In order to hide this table in the UI and the text report file, please set the "Show Parameter Settings in Synthesis Report" option in "Analysis and Synthesis Settings -> More Settings" to "Off".


+-------------------------------------------------------------+
; Parameter Settings for User Entity Instance: Delay:Delay_Uc ;
+----------------+-------+------------------------------------+
; Parameter Name ; Value ; Type                               ;
+----------------+-------+------------------------------------+
; ANCHO          ; 16    ; Signed Integer                     ;
+----------------+-------+------------------------------------+
Note: In order to hide this table in the UI and the text report file, please set the "Show Parameter Settings in Synthesis Report" option in "Analysis and Synthesis Settings -> More Settings" to "Off".


+-----------------------------------------------------------------+
; Parameter Settings for User Entity Instance: PISO:PISO_Delay_Uc ;
+----------------+-------+----------------------------------------+
; Parameter Name ; Value ; Type                                   ;
+----------------+-------+----------------------------------------+
; ANCHO          ; 16    ; Signed Integer                         ;
+----------------+-------+----------------------------------------+
Note: In order to hide this table in the UI and the text report file, please set the "Show Parameter Settings in Synthesis Report" option in "Analysis and Synthesis Settings -> More Settings" to "Off".


+------------------------------------------------------------+
; Parameter Settings for User Entity Instance: Delay:Delay_Y ;
+----------------+-------+-----------------------------------+
; Parameter Name ; Value ; Type                              ;
+----------------+-------+-----------------------------------+
; ANCHO          ; 16    ; Signed Integer                    ;
+----------------+-------+-----------------------------------+
Note: In order to hide this table in the UI and the text report file, please set the "Show Parameter Settings in Synthesis Report" option in "Analysis and Synthesis Settings -> More Settings" to "Off".


+----------------------------------------------------------------+
; Parameter Settings for User Entity Instance: PISO:PISO_Delay_Y ;
+----------------+-------+---------------------------------------+
; Parameter Name ; Value ; Type                                  ;
+----------------+-------+---------------------------------------+
; ANCHO          ; 16    ; Signed Integer                        ;
+----------------+-------+---------------------------------------+
Note: In order to hide this table in the UI and the text report file, please set the "Show Parameter Settings in Synthesis Report" option in "Analysis and Synthesis Settings -> More Settings" to "Off".


+-----------------------------------------------------------+
; Parameter Settings for User Entity Instance: LUTP:P_value ;
+----------------+------------------+-----------------------+
; Parameter Name ; Value            ; Type                  ;
+----------------+------------------+-----------------------+
; mK             ; 1001000000000000 ; Signed Binary         ;
; Kb             ; 0001000000000000 ; Signed Binary         ;
; KbmK           ; 0000000000000000 ; Signed Binary         ;
+----------------+------------------+-----------------------+
Note: In order to hide this table in the UI and the text report file, please set the "Show Parameter Settings in Synthesis Report" option in "Analysis and Synthesis Settings -> More Settings" to "Off".


+--------------------------------------------------------+
; Parameter Settings for User Entity Instance: ACC:ACC_P ;
+----------------+-------+-------------------------------+
; Parameter Name ; Value ; Type                          ;
+----------------+-------+-------------------------------+
; ANCHO          ; 16    ; Signed Integer                ;
+----------------+-------+-------------------------------+
Note: In order to hide this table in the UI and the text report file, please set the "Show Parameter Settings in Synthesis Report" option in "Analysis and Synthesis Settings -> More Settings" to "Off".


+-----------------------------------------------------------+
; Parameter Settings for User Entity Instance: LUTI:I_value ;
+----------------+------------------+-----------------------+
; Parameter Name ; Value            ; Type                  ;
+----------------+------------------+-----------------------+
; mKT_Ti         ; 1000000001010010 ; Signed Binary         ;
; KT_Ti          ; 0000000001010010 ; Signed Binary         ;
+----------------+------------------+-----------------------+
Note: In order to hide this table in the UI and the text report file, please set the "Show Parameter Settings in Synthesis Report" option in "Analysis and Synthesis Settings -> More Settings" to "Off".


+--------------------------------------------------------+
; Parameter Settings for User Entity Instance: ACC:ACC_I ;
+----------------+-------+-------------------------------+
; Parameter Name ; Value ; Type                          ;
+----------------+-------+-------------------------------+
; ANCHO          ; 16    ; Signed Integer                ;
+----------------+-------+-------------------------------+
Note: In order to hide this table in the UI and the text report file, please set the "Show Parameter Settings in Synthesis Report" option in "Analysis and Synthesis Settings -> More Settings" to "Off".


+------------------------------------------------------------+
; Parameter Settings for User Entity Instance: Delay:Delay_I ;
+----------------+-------+-----------------------------------+
; Parameter Name ; Value ; Type                              ;
+----------------+-------+-----------------------------------+
; ANCHO          ; 16    ; Signed Integer                    ;
+----------------+-------+-----------------------------------+
Note: In order to hide this table in the UI and the text report file, please set the "Show Parameter Settings in Synthesis Report" option in "Analysis and Synthesis Settings -> More Settings" to "Off".


+-------------------------------------------------------------+
; Parameter Settings for User Entity Instance: LUTD2:D2_value ;
+----------------+------------------+-------------------------+
; Parameter Name ; Value            ; Type                    ;
+----------------+------------------+-------------------------+
; KTdN_TdmsNT    ; 0011010101010101 ; Signed Binary           ;
; mKTdN_TdmsNT   ; 1011010101010101 ; Signed Binary           ;
+----------------+------------------+-------------------------+
Note: In order to hide this table in the UI and the text report file, please set the "Show Parameter Settings in Synthesis Report" option in "Analysis and Synthesis Settings -> More Settings" to "Off".


+---------------------------------------------------------+
; Parameter Settings for User Entity Instance: ACC:ACC_D2 ;
+----------------+-------+--------------------------------+
; Parameter Name ; Value ; Type                           ;
+----------------+-------+--------------------------------+
; ANCHO          ; 16    ; Signed Integer                 ;
+----------------+-------+--------------------------------+
Note: In order to hide this table in the UI and the text report file, please set the "Show Parameter Settings in Synthesis Report" option in "Analysis and Synthesis Settings -> More Settings" to "Off".


+-----------------------------------------------------------+
; Parameter Settings for User Entity Instance: PISO:PISO_D1 ;
+----------------+-------+----------------------------------+
; Parameter Name ; Value ; Type                             ;
+----------------+-------+----------------------------------+
; ANCHO          ; 16    ; Signed Integer                   ;
+----------------+-------+----------------------------------+
Note: In order to hide this table in the UI and the text report file, please set the "Show Parameter Settings in Synthesis Report" option in "Analysis and Synthesis Settings -> More Settings" to "Off".


+-------------------------------------------------------------+
; Parameter Settings for User Entity Instance: LUTD1:D1_value ;
+----------------+------------------+-------------------------+
; Parameter Name ; Value            ; Type                    ;
+----------------+------------------+-------------------------+
; Td_TdmsNT      ; 0000010101010101 ; Signed Binary           ;
+----------------+------------------+-------------------------+
Note: In order to hide this table in the UI and the text report file, please set the "Show Parameter Settings in Synthesis Report" option in "Analysis and Synthesis Settings -> More Settings" to "Off".


+---------------------------------------------------------+
; Parameter Settings for User Entity Instance: ACC:ACC_D1 ;
+----------------+-------+--------------------------------+
; Parameter Name ; Value ; Type                           ;
+----------------+-------+--------------------------------+
; ANCHO          ; 16    ; Signed Integer                 ;
+----------------+-------+--------------------------------+
Note: In order to hide this table in the UI and the text report file, please set the "Show Parameter Settings in Synthesis Report" option in "Analysis and Synthesis Settings -> More Settings" to "Off".


+------------------------------------------------------------------+
; Parameter Settings for User Entity Instance: ACC_adder:ACC_adder ;
+----------------+-------+-----------------------------------------+
; Parameter Name ; Value ; Type                                    ;
+----------------+-------+-----------------------------------------+
; ANCHO          ; 16    ; Signed Integer                          ;
+----------------+-------+-----------------------------------------+
Note: In order to hide this table in the UI and the text report file, please set the "Show Parameter Settings in Synthesis Report" option in "Analysis and Synthesis Settings -> More Settings" to "Off".


+--------------------------------------------------------------+
; Parameter Settings for User Entity Instance: PWM_gen:PWM_gen ;
+----------------+-------+-------------------------------------+
; Parameter Name ; Value ; Type                                ;
+----------------+-------+-------------------------------------+
; ANCHO          ; 16    ; Signed Integer                      ;
+----------------+-------+-------------------------------------+
Note: In order to hide this table in the UI and the text report file, please set the "Show Parameter Settings in Synthesis Report" option in "Analysis and Synthesis Settings -> More Settings" to "Off".


+----------------------------------------------+
; Port Connectivity Checks: "PWM_gen:PWM_gen"  ;
+------------+-------+----------+--------------+
; Port       ; Type  ; Severity ; Details      ;
+------------+-------+----------+--------------+
; full_speed ; Input ; Info     ; Stuck at VCC ;
+------------+-------+----------+--------------+


+----------------------------------------------------------------------------------------------------------------------+
; Port Connectivity Checks: "PISO:PISO_D1"                                                                             ;
+------------+--------+----------+-------------------------------------------------------------------------------------+
; Port       ; Type   ; Severity ; Details                                                                             ;
+------------+--------+----------+-------------------------------------------------------------------------------------+
; serial_out ; Output ; Info     ; Connected to dangling logic. Logic that only feeds a dangling port will be removed. ;
+------------+--------+----------+-------------------------------------------------------------------------------------+


+---------------------------------------------------------------------------------------------------------------------+
; Port Connectivity Checks: "UCC:UCCi"                                                                                ;
+-----------+--------+----------+-------------------------------------------------------------------------------------+
; Port      ; Type   ; Severity ; Details                                                                             ;
+-----------+--------+----------+-------------------------------------------------------------------------------------+
; clear_acc ; Output ; Info     ; Connected to dangling logic. Logic that only feeds a dangling port will be removed. ;
+-----------+--------+----------+-------------------------------------------------------------------------------------+


+-------------------------------+
; Elapsed Time Per Partition    ;
+----------------+--------------+
; Partition Name ; Elapsed Time ;
+----------------+--------------+
; Top            ; 00:00:00     ;
+----------------+--------------+


+-------------------------------+
; Analysis & Synthesis Messages ;
+-------------------------------+
Info: *******************************************************************
Info: Running Quartus II 64-Bit Analysis & Synthesis
    Info: Version 13.1.0 Build 162 10/23/2013 SJ Web Edition
    Info: Processing started: Sat Jun 06 20:47:28 2026
Info: Command: quartus_map --read_settings_files=on --write_settings_files=off PID -c PID
Info (20030): Parallel compilation is enabled and will use 12 of the 12 processors detected
Info (12021): Found 1 design units, including 1 entities, in source file scripts_testbench/receptor_datos.v
    Info (12023): Found entity 1: tb_Sensor_receiver
Info (12021): Found 1 design units, including 1 entities, in source file scripts_testbench/pid_tb.v
    Info (12023): Found entity 1: system_TB
Info (12021): Found 1 design units, including 1 entities, in source file scripts/ucc.v
    Info (12023): Found entity 1: UCC
Info (12021): Found 1 design units, including 1 entities, in source file scripts/sensor_receiver.v
    Info (12023): Found entity 1: Sensor_receiver
Info (12021): Found 1 design units, including 1 entities, in source file scripts/pwm_gen.v
    Info (12023): Found entity 1: PWM_gen
Info (12021): Found 1 design units, including 1 entities, in source file scripts/piso.v
    Info (12023): Found entity 1: PISO
Info (12021): Found 1 design units, including 1 entities, in source file scripts/pid.v
    Info (12023): Found entity 1: PID
Info (12021): Found 1 design units, including 1 entities, in source file scripts/lutp.v
    Info (12023): Found entity 1: LUTP
Info (12021): Found 1 design units, including 1 entities, in source file scripts/luti.v
    Info (12023): Found entity 1: LUTI
Info (12021): Found 1 design units, including 1 entities, in source file scripts/lutd2.v
    Info (12023): Found entity 1: LUTD2
Info (12021): Found 1 design units, including 1 entities, in source file scripts/lutd1.v
    Info (12023): Found entity 1: LUTD1
Info (12021): Found 1 design units, including 1 entities, in source file scripts/delay.v
    Info (12023): Found entity 1: Delay
Info (12021): Found 1 design units, including 1 entities, in source file scripts/acc_adder.v
    Info (12023): Found entity 1: ACC_adder
Info (12021): Found 1 design units, including 1 entities, in source file scripts/acc.v
    Info (12023): Found entity 1: ACC
Warning (10236): Verilog HDL Implicit Net warning at PID.v(278): created implicit net for "SO_ACC_D2"
Warning (10236): Verilog HDL Implicit Net warning at PID.v(309): created implicit net for "resultado_ready"
Info (12127): Elaborating entity "PID" for the top level hierarchy
Info (12128): Elaborating entity "UCC" for hierarchy "UCC:UCCi"
Info (12128): Elaborating entity "Sensor_receiver" for hierarchy "Sensor_receiver:Recepcion_feedback"
Info (12128): Elaborating entity "PISO" for hierarchy "PISO:PISO_Uc"
Info (12128): Elaborating entity "Delay" for hierarchy "Delay:Delay_Uc"
Info (12128): Elaborating entity "LUTP" for hierarchy "LUTP:P_value"
Info (12128): Elaborating entity "ACC" for hierarchy "ACC:ACC_P"
Info (12128): Elaborating entity "LUTI" for hierarchy "LUTI:I_value"
Info (12128): Elaborating entity "LUTD2" for hierarchy "LUTD2:D2_value"
Info (12128): Elaborating entity "LUTD1" for hierarchy "LUTD1:D1_value"
Info (12128): Elaborating entity "ACC_adder" for hierarchy "ACC_adder:ACC_adder"
Info (12128): Elaborating entity "PWM_gen" for hierarchy "PWM_gen:PWM_gen"
Warning (10230): Verilog HDL assignment warning at PWM_gen.v(43): truncated value with size 32 to match size of target (7)
Warning (10230): Verilog HDL assignment warning at PWM_gen.v(70): truncated value with size 32 to match size of target (15)
Info (286030): Timing-Driven Synthesis is running
Info (17049): 9 registers lost all their fanouts during netlist optimizations.
Info (16010): Generating hard_block partition "hard_block:auto_generated_inst"
    Info (16011): Adding 0 node(s), including 0 DDIO, 0 PLL, 0 transceiver and 0 LCELL
Info (21057): Implemented 483 device resources after synthesis - the final resource count might be different
    Info (21058): Implemented 21 input pins
    Info (21059): Implemented 1 output pins
    Info (21061): Implemented 461 logic cells
Info: Quartus II 64-Bit Analysis & Synthesis was successful. 0 errors, 4 warnings
    Info: Peak virtual memory: 4676 megabytes
    Info: Processing ended: Sat Jun 06 20:47:30 2026
    Info: Elapsed time: 00:00:02
    Info: Total CPU time (on all processors): 00:00:01


